d:\mta_imip_dev\mta_cht\coredll\release\pch.pc
d:\mta_imip_dev\mta_cht\coredll\release\vc143.pdb
d:\mta_imip_dev\mta_cht\coredll\release\pch.obj
d:\mta_imip_dev\mta_cht\coredll\release\stealth.obj
d:\mta_imip_dev\mta_cht\coredll\release\memorydumper.obj
d:\mta_imip_dev\mta_cht\coredll\release\luaintegration.obj
d:\mta_imip_dev\mta_cht\coredll\release\kernelcomm.obj
d:\mta_imip_dev\mta_cht\coredll\release\dllmain.obj
d:\mta_imip_dev\mta_cht\coredll\release\core.obj
d:\mta_imip_dev\mta_cht\coredll\release\cheatgui.obj
c:\cheat\coredll.dll
c:\cheat\coredll.pdb
c:\cheat\coredll.lib
c:\cheat\coredll.exp
d:\mta_imip_dev\mta_cht\coredll\release\coredll.ipdb
d:\mta_imip_dev\mta_cht\coredll\release\coredll.iobj
d:\mta_imip_dev\mta_cht\coredll\release\coredll.tlog\cl.command.1.tlog
d:\mta_imip_dev\mta_cht\coredll\release\coredll.tlog\cl.items.tlog
d:\mta_imip_dev\mta_cht\coredll\release\coredll.tlog\cl.read.1.tlog
d:\mta_imip_dev\mta_cht\coredll\release\coredll.tlog\cl.write.1.tlog
d:\mta_imip_dev\mta_cht\coredll\release\coredll.tlog\link.command.1.tlog
d:\mta_imip_dev\mta_cht\coredll\release\coredll.tlog\link.read.1.tlog
d:\mta_imip_dev\mta_cht\coredll\release\coredll.tlog\link.secondary.1.tlog
d:\mta_imip_dev\mta_cht\coredll\release\coredll.tlog\link.write.1.tlog
