  Building 'KernelDriver' with toolset 'WindowsKernelModeDriver10.0' and the 'Desktop' target platform.
  Stamping x64\Release\KernelDriver.inf
  Stamping [Version] section with DriverVer=07/28/2025,22.49.16.662
  driver.c
  KernelDriver.vcxproj -> C:\cheat\KernelDriver.sys
  Done Adding Additional Store
  Successfully signed: C:\cheat\KernelDriver.sys
  
  ........................
  Signability test complete.
  
  Errors:
  None
  
  Warnings:
  None
  
  Catalog generation complete.
  C:\cheat\KernelDriver\kerneldriver.cat
  Set catalog attribute.
  WdkVersion: 10.0.26100.0
  Set catalog attribute.
  WdkAssemblyVersion: 10.0.26100.4202
  Done Adding Additional Store
  Successfully signed: C:\cheat\KernelDriver\kerneldriver.cat
  
