d:\mta_imip_dev\mta_cht\kerneldriver\x64\release\vc143.pdb
d:\mta_imip_dev\mta_cht\kerneldriver\x64\release\driver.obj
c:\cheat\kerneldriver\kerneldriver.cat
c:\cheat\kerneldriver.sys
c:\cheat\kerneldriver.pdb
d:\mta_imip_dev\mta_cht\kerneldriver\x64\release\kerneldriver.inf
d:\mta_imip_dev\mta_cht\kerneldriver\x64\release\kerneldriver.tlog\cl.command.1.tlog
d:\mta_imip_dev\mta_cht\kerneldriver\x64\release\kerneldriver.tlog\cl.items.tlog
d:\mta_imip_dev\mta_cht\kerneldriver\x64\release\kerneldriver.tlog\cl.read.1.tlog
d:\mta_imip_dev\mta_cht\kerneldriver\x64\release\kerneldriver.tlog\cl.write.1.tlog
d:\mta_imip_dev\mta_cht\kerneldriver\x64\release\kerneldriver.tlog\drvcat.command.1.tlog
d:\mta_imip_dev\mta_cht\kerneldriver\x64\release\kerneldriver.tlog\drvcat.read.1.tlog
d:\mta_imip_dev\mta_cht\kerneldriver\x64\release\kerneldriver.tlog\drvcat.write.1.tlog
d:\mta_imip_dev\mta_cht\kerneldriver\x64\release\kerneldriver.tlog\inf2cat-expand.14668.read.1.tlog
d:\mta_imip_dev\mta_cht\kerneldriver\x64\release\kerneldriver.tlog\inf2cat-expand.14668.write.1.tlog
d:\mta_imip_dev\mta_cht\kerneldriver\x64\release\kerneldriver.tlog\inf2cat-expand.read.1.tlog
d:\mta_imip_dev\mta_cht\kerneldriver\x64\release\kerneldriver.tlog\inf2cat-expand.write.1.tlog
d:\mta_imip_dev\mta_cht\kerneldriver\x64\release\kerneldriver.tlog\inf2cat.command.1.tlog
d:\mta_imip_dev\mta_cht\kerneldriver\x64\release\kerneldriver.tlog\inf2cat.read.1.tlog
d:\mta_imip_dev\mta_cht\kerneldriver\x64\release\kerneldriver.tlog\inf2cat.write.1.tlog
d:\mta_imip_dev\mta_cht\kerneldriver\x64\release\kerneldriver.tlog\link.command.1.tlog
d:\mta_imip_dev\mta_cht\kerneldriver\x64\release\kerneldriver.tlog\link.read.1.tlog
d:\mta_imip_dev\mta_cht\kerneldriver\x64\release\kerneldriver.tlog\link.secondary.1.tlog
d:\mta_imip_dev\mta_cht\kerneldriver\x64\release\kerneldriver.tlog\link.write.1.tlog
d:\mta_imip_dev\mta_cht\kerneldriver\x64\release\kerneldriver.tlog\signtool.command.1.tlog
d:\mta_imip_dev\mta_cht\kerneldriver\x64\release\kerneldriver.tlog\signtool.read.1.tlog
d:\mta_imip_dev\mta_cht\kerneldriver\x64\release\kerneldriver.tlog\signtool.timestamp.1.tlog
d:\mta_imip_dev\mta_cht\kerneldriver\x64\release\kerneldriver.tlog\signtool.write.1.tlog
d:\mta_imip_dev\mta_cht\kerneldriver\x64\release\kerneldriver.tlog\stampinf.command.1.tlog
d:\mta_imip_dev\mta_cht\kerneldriver\x64\release\kerneldriver.tlog\stampinf.read.1.tlog
d:\mta_imip_dev\mta_cht\kerneldriver\x64\release\kerneldriver.tlog\stampinf.write.1.tlog
